<?xml version="1.0" encoding="UTF-8"?>
<!-- Generated by org.testng.reporters.JUnitReportReporter -->
<testsuite hostname="kev-RH" failures="0" tests="2" name="cl.test.pruebaactiveamq.SampleJavaIT" time="0.228" errors="0" timestamp="26 ene. 2022 18:56:33 GMT" skipped="0">
  <testcase classname="cl.test.pruebaactiveamq.SampleJavaIT" name="echoToday" time="0.105"/>
  <testcase classname="cl.test.pruebaactiveamq.SampleJavaIT" name="sayHello" time="0.123"/>
</testsuite> <!-- cl.test.pruebaactiveamq.SampleJavaIT -->
