<?xml version="1.0" encoding="UTF-8"?>
<!-- Generated by org.testng.reporters.JUnitReportReporter -->
<testsuite hostname="kev-RH" failures="0" tests="1" name="cl.test.pruebaactiveamq.SampleXmlIT" time="0.418" errors="0" timestamp="26 ene. 2022 18:56:33 GMT" skipped="0">
  <testcase classname="cl.test.pruebaactiveamq.SampleXmlIT" name="sampleXml" time="0.418"/>
</testsuite> <!-- cl.test.pruebaactiveamq.SampleXmlIT -->
